SF:lib/src/auth/data/models/user_model.dart
DA:5,2
DA:18,1
DA:19,0
DA:25,1
DA:26,1
DA:27,1
DA:28,1
DA:29,1
DA:30,1
DA:31,2
DA:32,1
DA:33,2
DA:35,2
DA:36,2
DA:37,2
DA:39,1
DA:40,1
DA:41,1
DA:42,1
DA:43,1
DA:44,1
DA:45,1
DA:46,1
DA:47,1
DA:48,1
DA:49,1
DA:50,1
DA:54,0
DA:66,0
DA:67,0
DA:68,0
DA:69,0
DA:70,0
DA:71,0
DA:72,0
DA:73,0
DA:74,0
DA:75,0
DA:76,0
LF:39
LH:26
end_of_record
SF:lib/src/auth/domain/entities/user.dart
DA:4,2
DA:17,0
DA:18,0
DA:42,1
DA:43,3
DA:44,0
DA:47,0
DA:49,0
DA:50,0
LF:9
LH:3
end_of_record
SF:lib/core/errors/failures.dart
DA:7,0
DA:9,0
DA:10,0
DA:14,0
DA:15,0
DA:17,0
DA:21,0
DA:25,0
DA:26,0
DA:27,0
DA:28,0
DA:33,0
LF:12
LH:0
end_of_record
SF:lib/core/errors/exceptions.dart
DA:4,0
DA:7,0
DA:9,0
DA:13,0
DA:16,0
DA:17,0
LF:6
LH:0
end_of_record
SF:lib/core/usecases/usecases.dart
DA:6,0
DA:13,0
LF:2
LH:0
end_of_record
SF:lib/src/on_boarding/domain/repos/on_boarding_repo.dart
DA:5,0
LF:1
LH:0
end_of_record
SF:lib/src/on_boarding/domain/usecases/cache_first_timer.dart
DA:6,0
DA:8,0
DA:9,0
LF:3
LH:0
end_of_record
SF:lib/src/on_boarding/domain/usecases/user_is_first_timer.dart
DA:6,0
DA:8,0
DA:9,0
LF:3
LH:0
end_of_record
SF:lib/src/on_boarding/presentation/cubit/on_boarding_state.dart
DA:4,1
DA:6,0
DA:7,0
DA:11,1
DA:15,1
DA:19,1
DA:23,1
DA:27,1
DA:29,0
DA:30,0
DA:34,0
DA:36,0
DA:37,0
LF:13
LH:6
end_of_record
SF:lib/src/on_boarding/presentation/cubit/on_boarding_cubit.dart
DA:9,0
DA:14,0
DA:18,0
DA:19,0
DA:20,0
DA:21,0
DA:22,0
DA:23,0
DA:29,0
DA:30,0
DA:31,0
DA:32,0
DA:33,0
DA:34,0
LF:14
LH:0
end_of_record
SF:lib/src/on_boarding/data/dataSources/on_boarding_local_data_source.dart
DA:5,0
DA:13,0
DA:15,0
DA:18,0
DA:20,0
DA:24,0
DA:27,0
DA:30,0
LF:8
LH:0
end_of_record
